<?xml version="1.0" encoding="UTF-8"?>
<!-- Generated by org.testng.reporters.JUnitReportReporter -->
<testsuite hostname="localadmins-MBP" failures="0" tests="1" name="beregression.JavaTest47" time="0.012" errors="0" timestamp="2024-03-09T15:27:53 EST" skipped="0">
  <testcase classname="beregression.JavaTest47" name="streamFilter" time="0.012"/>
</testsuite> <!-- beregression.JavaTest47 -->
