<?xml version="1.0" encoding="UTF-8"?>
<!-- Generated by org.testng.reporters.JUnitReportReporter -->
<testsuite hostname="localadmins-MBP" failures="0" tests="1" name="beregression.JavaTest49" time="0.010" errors="0" timestamp="2024-03-09T16:15:53 EST" skipped="0">
  <testcase classname="beregression.JavaTest49" name="sort" time="0.010"/>
</testsuite> <!-- beregression.JavaTest49 -->
