<?xml version="1.0" encoding="UTF-8"?>
<!-- Generated by org.testng.reporters.JUnitReportReporter -->
<testsuite hostname="localadmins-MBP" failures="0" tests="1" name="beregression.JavaTest46" time="0.014" errors="0" timestamp="2024-03-03T18:40:51 EST" skipped="0">
  <testcase classname="beregression.JavaTest46" name="regularMethod" time="0.014"/>
</testsuite> <!-- beregression.JavaTest46 -->
