<?xml version="1.0" encoding="UTF-8"?>
<!-- Generated by org.testng.reporters.JUnitReportReporter -->
<testsuite hostname="localadmins-MBP" failures="0" tests="1" name="beregression.JavaTest51" time="0.022" errors="0" timestamp="2024-03-09T21:09:13 EST" skipped="0">
  <testcase classname="beregression.JavaTest51" name="streamCollect" time="0.022"/>
</testsuite> <!-- beregression.JavaTest51 -->
